nohup: ignoring input
group_aggregation_bridge was used
gt deep supervision was used
Training on 1 GPUs.
Epoch [1/150], Train Loss: 3.9801,Train Dice Score: 0.3648, Val Loss: 3.2026,Val Dice Score: 0.3928
Epoch [2/150], Train Loss: 3.1923,Train Dice Score: 0.4395, Val Loss: 2.9942,Val Dice Score: 0.4548
Epoch [3/150], Train Loss: 2.9686,Train Dice Score: 0.4814, Val Loss: 3.0401,Val Dice Score: 0.4547
Epoch [4/150], Train Loss: 2.8531,Train Dice Score: 0.5015, Val Loss: 2.7533,Val Dice Score: 0.4680
Epoch [5/150], Train Loss: 2.6970,Train Dice Score: 0.5298, Val Loss: 2.6752,Val Dice Score: 0.4914
Epoch [6/150], Train Loss: 2.6295,Train Dice Score: 0.5413, Val Loss: 2.7112,Val Dice Score: 0.4824
Epoch [7/150], Train Loss: 2.5547,Train Dice Score: 0.5523, Val Loss: 2.7583,Val Dice Score: 0.4743
Epoch [8/150], Train Loss: 2.5707,Train Dice Score: 0.5518, Val Loss: 2.6013,Val Dice Score: 0.5024
Epoch [9/150], Train Loss: 2.4558,Train Dice Score: 0.5717, Val Loss: 2.3865,Val Dice Score: 0.5506
Epoch [10/150], Train Loss: 2.3499,Train Dice Score: 0.5924, Val Loss: 2.4334,Val Dice Score: 0.5415
Epoch [11/150], Train Loss: 2.3809,Train Dice Score: 0.5890, Val Loss: 2.2562,Val Dice Score: 0.5859
Epoch [12/150], Train Loss: 2.2675,Train Dice Score: 0.6091, Val Loss: 2.3495,Val Dice Score: 0.5677
Epoch [13/150], Train Loss: 2.2428,Train Dice Score: 0.6127, Val Loss: 2.3208,Val Dice Score: 0.5651
Epoch [14/150], Train Loss: 2.1678,Train Dice Score: 0.6239, Val Loss: 2.3699,Val Dice Score: 0.5755
Epoch [15/150], Train Loss: 2.1278,Train Dice Score: 0.6307, Val Loss: 2.1709,Val Dice Score: 0.5957
Epoch [16/150], Train Loss: 2.1175,Train Dice Score: 0.6335, Val Loss: 2.1993,Val Dice Score: 0.5962
Epoch [17/150], Train Loss: 2.0761,Train Dice Score: 0.6421, Val Loss: 2.0290,Val Dice Score: 0.6347
Epoch [18/150], Train Loss: 2.0156,Train Dice Score: 0.6516, Val Loss: 2.1708,Val Dice Score: 0.6091
Epoch [19/150], Train Loss: 1.9757,Train Dice Score: 0.6576, Val Loss: 2.0540,Val Dice Score: 0.6315
Epoch [20/150], Train Loss: 2.0021,Train Dice Score: 0.6560, Val Loss: 1.9373,Val Dice Score: 0.6452
Epoch [21/150], Train Loss: 1.9551,Train Dice Score: 0.6644, Val Loss: 1.9926,Val Dice Score: 0.6408
Epoch [22/150], Train Loss: 1.9067,Train Dice Score: 0.6706, Val Loss: 1.9713,Val Dice Score: 0.6512
Epoch [23/150], Train Loss: 1.8404,Train Dice Score: 0.6876, Val Loss: 2.0721,Val Dice Score: 0.6352
Epoch [24/150], Train Loss: 1.8114,Train Dice Score: 0.6881, Val Loss: 1.9967,Val Dice Score: 0.6525
Epoch [25/150], Train Loss: 1.7476,Train Dice Score: 0.7022, Val Loss: 2.1012,Val Dice Score: 0.6331
Epoch [26/150], Train Loss: 1.7361,Train Dice Score: 0.7034, Val Loss: 1.8580,Val Dice Score: 0.6819
Epoch [27/150], Train Loss: 1.6819,Train Dice Score: 0.7124, Val Loss: 1.8605,Val Dice Score: 0.6802
Epoch [28/150], Train Loss: 1.6933,Train Dice Score: 0.7123, Val Loss: 1.9925,Val Dice Score: 0.6604
Epoch [29/150], Train Loss: 1.7222,Train Dice Score: 0.7066, Val Loss: 2.0711,Val Dice Score: 0.6501
Epoch [30/150], Train Loss: 1.6832,Train Dice Score: 0.7127, Val Loss: 2.2323,Val Dice Score: 0.6243
Epoch [31/150], Train Loss: 1.7477,Train Dice Score: 0.7013, Val Loss: 2.0290,Val Dice Score: 0.6595
Epoch [32/150], Train Loss: 1.6456,Train Dice Score: 0.7157, Val Loss: 1.8067,Val Dice Score: 0.6916
Epoch [33/150], Train Loss: 1.6163,Train Dice Score: 0.7229, Val Loss: 1.8751,Val Dice Score: 0.6751
Epoch [34/150], Train Loss: 1.6053,Train Dice Score: 0.7238, Val Loss: 1.8510,Val Dice Score: 0.6855
Epoch [35/150], Train Loss: 1.5717,Train Dice Score: 0.7327, Val Loss: 1.7664,Val Dice Score: 0.6952
Epoch [36/150], Train Loss: 1.5339,Train Dice Score: 0.7385, Val Loss: 1.7748,Val Dice Score: 0.6965
Epoch [37/150], Train Loss: 1.5494,Train Dice Score: 0.7373, Val Loss: 1.6388,Val Dice Score: 0.7164
Epoch [38/150], Train Loss: 1.5129,Train Dice Score: 0.7423, Val Loss: 1.6324,Val Dice Score: 0.7173
Epoch [39/150], Train Loss: 1.3961,Train Dice Score: 0.7627, Val Loss: 1.8101,Val Dice Score: 0.7027
Epoch [40/150], Train Loss: 1.4570,Train Dice Score: 0.7520, Val Loss: 1.6111,Val Dice Score: 0.7280
Epoch [41/150], Train Loss: 1.4346,Train Dice Score: 0.7575, Val Loss: 1.6446,Val Dice Score: 0.7217
Epoch [42/150], Train Loss: 1.4191,Train Dice Score: 0.7592, Val Loss: 1.5434,Val Dice Score: 0.7385
Epoch [43/150], Train Loss: 1.4326,Train Dice Score: 0.7566, Val Loss: 1.6260,Val Dice Score: 0.7267
Epoch [44/150], Train Loss: 1.3766,Train Dice Score: 0.7670, Val Loss: 1.7659,Val Dice Score: 0.7079
Epoch [45/150], Train Loss: 1.3688,Train Dice Score: 0.7672, Val Loss: 1.6422,Val Dice Score: 0.7201
Epoch [46/150], Train Loss: 1.4026,Train Dice Score: 0.7621, Val Loss: 1.6302,Val Dice Score: 0.7229
Epoch [47/150], Train Loss: 1.4205,Train Dice Score: 0.7585, Val Loss: 1.6227,Val Dice Score: 0.7280
Epoch [48/150], Train Loss: 1.4320,Train Dice Score: 0.7566, Val Loss: 1.5287,Val Dice Score: 0.7393
Epoch [49/150], Train Loss: 1.3739,Train Dice Score: 0.7641, Val Loss: 1.5896,Val Dice Score: 0.7273
Epoch [50/150], Train Loss: 1.4260,Train Dice Score: 0.7582, Val Loss: 1.5446,Val Dice Score: 0.7364
Epoch [51/150], Train Loss: 1.8591,Train Dice Score: 0.6830, Val Loss: 1.8140,Val Dice Score: 0.6832
Epoch [52/150], Train Loss: 1.7518,Train Dice Score: 0.7030, Val Loss: 1.7324,Val Dice Score: 0.7038
Epoch [53/150], Train Loss: 1.7267,Train Dice Score: 0.7071, Val Loss: 1.7984,Val Dice Score: 0.6796
Epoch [54/150], Train Loss: 1.6603,Train Dice Score: 0.7170, Val Loss: 1.7801,Val Dice Score: 0.6834
Epoch [55/150], Train Loss: 1.6167,Train Dice Score: 0.7269, Val Loss: 1.7986,Val Dice Score: 0.6948
Epoch [56/150], Train Loss: 1.5831,Train Dice Score: 0.7325, Val Loss: 1.9625,Val Dice Score: 0.6679
Epoch [57/150], Train Loss: 1.6833,Train Dice Score: 0.7146, Val Loss: 1.7747,Val Dice Score: 0.6918
Epoch [58/150], Train Loss: 1.6085,Train Dice Score: 0.7253, Val Loss: 1.9665,Val Dice Score: 0.6720
Epoch [59/150], Train Loss: 1.5890,Train Dice Score: 0.7314, Val Loss: 1.6667,Val Dice Score: 0.7061
Epoch [60/150], Train Loss: 1.5670,Train Dice Score: 0.7365, Val Loss: 1.8621,Val Dice Score: 0.6876
Epoch [61/150], Train Loss: 1.4342,Train Dice Score: 0.7601, Val Loss: 1.8463,Val Dice Score: 0.6982
Epoch [62/150], Train Loss: 1.5215,Train Dice Score: 0.7404, Val Loss: 1.6279,Val Dice Score: 0.7200
Epoch [63/150], Train Loss: 1.5307,Train Dice Score: 0.7414, Val Loss: 1.7077,Val Dice Score: 0.6984
Epoch [64/150], Train Loss: 1.4530,Train Dice Score: 0.7556, Val Loss: 1.6604,Val Dice Score: 0.7129
Epoch [65/150], Train Loss: 1.4748,Train Dice Score: 0.7494, Val Loss: 1.4864,Val Dice Score: 0.7397
Epoch [66/150], Train Loss: 1.4545,Train Dice Score: 0.7548, Val Loss: 1.6844,Val Dice Score: 0.7142
Epoch [67/150], Train Loss: 1.4455,Train Dice Score: 0.7583, Val Loss: 1.6929,Val Dice Score: 0.7153
Epoch [68/150], Train Loss: 1.4259,Train Dice Score: 0.7600, Val Loss: 1.6652,Val Dice Score: 0.7193
Epoch [69/150], Train Loss: 1.3360,Train Dice Score: 0.7775, Val Loss: 1.7042,Val Dice Score: 0.7155
Epoch [70/150], Train Loss: 1.3498,Train Dice Score: 0.7749, Val Loss: 1.5358,Val Dice Score: 0.7415
Epoch [71/150], Train Loss: 1.3497,Train Dice Score: 0.7748, Val Loss: 1.4616,Val Dice Score: 0.7500
Epoch [72/150], Train Loss: 1.3339,Train Dice Score: 0.7756, Val Loss: 1.4481,Val Dice Score: 0.7557
Epoch [73/150], Train Loss: 1.2254,Train Dice Score: 0.7943, Val Loss: 1.7844,Val Dice Score: 0.7181
Epoch [74/150], Train Loss: 1.2773,Train Dice Score: 0.7877, Val Loss: 1.7540,Val Dice Score: 0.7194
Epoch [75/150], Train Loss: 1.2204,Train Dice Score: 0.7947, Val Loss: 1.6820,Val Dice Score: 0.7239
Epoch [76/150], Train Loss: 1.2369,Train Dice Score: 0.7904, Val Loss: 1.6078,Val Dice Score: 0.7273
Epoch [77/150], Train Loss: 1.2578,Train Dice Score: 0.7884, Val Loss: 1.4869,Val Dice Score: 0.7520
Epoch [78/150], Train Loss: 1.2392,Train Dice Score: 0.7911, Val Loss: 1.5171,Val Dice Score: 0.7519
Epoch [79/150], Train Loss: 1.2563,Train Dice Score: 0.7884, Val Loss: 1.4776,Val Dice Score: 0.7584
Epoch [80/150], Train Loss: 1.1847,Train Dice Score: 0.8024, Val Loss: 1.3999,Val Dice Score: 0.7681
Epoch [81/150], Train Loss: 1.1852,Train Dice Score: 0.8023, Val Loss: 1.4697,Val Dice Score: 0.7569
Epoch [82/150], Train Loss: 1.1557,Train Dice Score: 0.8067, Val Loss: 1.4040,Val Dice Score: 0.7619
Epoch [83/150], Train Loss: 1.1473,Train Dice Score: 0.8072, Val Loss: 1.3056,Val Dice Score: 0.7798
Epoch [84/150], Train Loss: 1.0968,Train Dice Score: 0.8172, Val Loss: 1.3136,Val Dice Score: 0.7795
Epoch [85/150], Train Loss: 1.1261,Train Dice Score: 0.8121, Val Loss: 1.3854,Val Dice Score: 0.7682
Epoch [86/150], Train Loss: 1.0645,Train Dice Score: 0.8197, Val Loss: 1.2592,Val Dice Score: 0.7870
Epoch [87/150], Train Loss: 1.0637,Train Dice Score: 0.8204, Val Loss: 1.2238,Val Dice Score: 0.7916
Epoch [88/150], Train Loss: 1.0400,Train Dice Score: 0.8252, Val Loss: 1.2458,Val Dice Score: 0.7875
Epoch [89/150], Train Loss: 1.0682,Train Dice Score: 0.8209, Val Loss: 1.2282,Val Dice Score: 0.7919
Epoch [90/150], Train Loss: 1.0053,Train Dice Score: 0.8309, Val Loss: 1.2981,Val Dice Score: 0.7823
Epoch [91/150], Train Loss: 1.0450,Train Dice Score: 0.8240, Val Loss: 1.2510,Val Dice Score: 0.7876
Epoch [92/150], Train Loss: 1.0239,Train Dice Score: 0.8282, Val Loss: 1.1971,Val Dice Score: 0.7973
Epoch [93/150], Train Loss: 0.9981,Train Dice Score: 0.8313, Val Loss: 1.2153,Val Dice Score: 0.7949
Epoch [94/150], Train Loss: 1.0072,Train Dice Score: 0.8298, Val Loss: 1.2286,Val Dice Score: 0.7932
Epoch [95/150], Train Loss: 1.0028,Train Dice Score: 0.8317, Val Loss: 1.2481,Val Dice Score: 0.7921
Epoch [96/150], Train Loss: 1.0220,Train Dice Score: 0.8291, Val Loss: 1.1686,Val Dice Score: 0.8031
Epoch [97/150], Train Loss: 0.9599,Train Dice Score: 0.8379, Val Loss: 1.2061,Val Dice Score: 0.7962
Epoch [98/150], Train Loss: 0.9639,Train Dice Score: 0.8369, Val Loss: 1.2171,Val Dice Score: 0.7945
Epoch [99/150], Train Loss: 0.9653,Train Dice Score: 0.8378, Val Loss: 1.2153,Val Dice Score: 0.7973
Epoch [100/150], Train Loss: 0.9498,Train Dice Score: 0.8396, Val Loss: 1.1999,Val Dice Score: 0.7979
Epoch [101/150], Train Loss: 1.4464,Train Dice Score: 0.7590, Val Loss: 1.6641,Val Dice Score: 0.7235
Epoch [102/150], Train Loss: 1.3467,Train Dice Score: 0.7721, Val Loss: 1.5536,Val Dice Score: 0.7377
Epoch [103/150], Train Loss: 1.2583,Train Dice Score: 0.7876, Val Loss: 1.6925,Val Dice Score: 0.7210
Epoch [104/150], Train Loss: 1.2702,Train Dice Score: 0.7889, Val Loss: 1.6142,Val Dice Score: 0.7283
Epoch [105/150], Train Loss: 1.2579,Train Dice Score: 0.7901, Val Loss: 1.7999,Val Dice Score: 0.6960
Epoch [106/150], Train Loss: 1.2618,Train Dice Score: 0.7898, Val Loss: 1.7065,Val Dice Score: 0.7096
Epoch [107/150], Train Loss: 1.2525,Train Dice Score: 0.7921, Val Loss: 1.6145,Val Dice Score: 0.7325
Epoch [108/150], Train Loss: 1.2090,Train Dice Score: 0.7986, Val Loss: 1.8803,Val Dice Score: 0.6882
Epoch [109/150], Train Loss: 1.2381,Train Dice Score: 0.7916, Val Loss: 1.5306,Val Dice Score: 0.7455
Epoch [110/150], Train Loss: 1.1843,Train Dice Score: 0.8028, Val Loss: 1.6403,Val Dice Score: 0.7347
Epoch [111/150], Train Loss: 1.1944,Train Dice Score: 0.8016, Val Loss: 1.4201,Val Dice Score: 0.7668
Epoch [112/150], Train Loss: 1.2214,Train Dice Score: 0.7962, Val Loss: 1.7017,Val Dice Score: 0.7283
Epoch [113/150], Train Loss: 1.2090,Train Dice Score: 0.7968, Val Loss: 2.0810,Val Dice Score: 0.6859
Epoch [114/150], Train Loss: 1.1408,Train Dice Score: 0.8094, Val Loss: 1.7967,Val Dice Score: 0.7090
Epoch [115/150], Train Loss: 1.1578,Train Dice Score: 0.8065, Val Loss: 1.4974,Val Dice Score: 0.7559
Epoch [116/150], Train Loss: 1.1291,Train Dice Score: 0.8123, Val Loss: 1.6686,Val Dice Score: 0.7280
Epoch [117/150], Train Loss: 1.1380,Train Dice Score: 0.8113, Val Loss: 1.3521,Val Dice Score: 0.7795
Epoch [118/150], Train Loss: 1.0821,Train Dice Score: 0.8187, Val Loss: 1.3384,Val Dice Score: 0.7817
Epoch [119/150], Train Loss: 1.0750,Train Dice Score: 0.8189, Val Loss: 1.5532,Val Dice Score: 0.7495
Epoch [120/150], Train Loss: 1.0689,Train Dice Score: 0.8203, Val Loss: 1.4283,Val Dice Score: 0.7697
Epoch [121/150], Train Loss: 1.0723,Train Dice Score: 0.8183, Val Loss: 1.4085,Val Dice Score: 0.7688
Epoch [122/150], Train Loss: 1.0666,Train Dice Score: 0.8215, Val Loss: 1.6176,Val Dice Score: 0.7395
Epoch [123/150], Train Loss: 1.0059,Train Dice Score: 0.8296, Val Loss: 1.6895,Val Dice Score: 0.7383
Epoch [124/150], Train Loss: 1.0372,Train Dice Score: 0.8263, Val Loss: 1.3803,Val Dice Score: 0.7745
Epoch [125/150], Train Loss: 0.9654,Train Dice Score: 0.8380, Val Loss: 1.3697,Val Dice Score: 0.7766
Epoch [126/150], Train Loss: 1.0227,Train Dice Score: 0.8279, Val Loss: 1.2525,Val Dice Score: 0.7959
Epoch [127/150], Train Loss: 0.9827,Train Dice Score: 0.8355, Val Loss: 1.2938,Val Dice Score: 0.7861
Epoch [128/150], Train Loss: 0.9340,Train Dice Score: 0.8435, Val Loss: 1.0950,Val Dice Score: 0.8131
Epoch [129/150], Train Loss: 0.9473,Train Dice Score: 0.8413, Val Loss: 1.1858,Val Dice Score: 0.8034
Epoch [130/150], Train Loss: 0.9342,Train Dice Score: 0.8426, Val Loss: 1.1225,Val Dice Score: 0.8090
Epoch [131/150], Train Loss: 0.9179,Train Dice Score: 0.8442, Val Loss: 1.1339,Val Dice Score: 0.8088
Epoch [132/150], Train Loss: 0.9178,Train Dice Score: 0.8457, Val Loss: 1.2124,Val Dice Score: 0.7978
Epoch [133/150], Train Loss: 0.8848,Train Dice Score: 0.8518, Val Loss: 1.0713,Val Dice Score: 0.8219
Epoch [134/150], Train Loss: 0.8920,Train Dice Score: 0.8490, Val Loss: 1.1257,Val Dice Score: 0.8148
Epoch [135/150], Train Loss: 0.8709,Train Dice Score: 0.8533, Val Loss: 1.1663,Val Dice Score: 0.8083
Epoch [136/150], Train Loss: 0.8577,Train Dice Score: 0.8563, Val Loss: 1.1683,Val Dice Score: 0.8081
Epoch [137/150], Train Loss: 0.8686,Train Dice Score: 0.8536, Val Loss: 1.0868,Val Dice Score: 0.8165
Epoch [138/150], Train Loss: 0.8807,Train Dice Score: 0.8540, Val Loss: 1.0281,Val Dice Score: 0.8261
Epoch [139/150], Train Loss: 0.8275,Train Dice Score: 0.8612, Val Loss: 1.1717,Val Dice Score: 0.8092
Epoch [140/150], Train Loss: 0.8554,Train Dice Score: 0.8580, Val Loss: 1.1068,Val Dice Score: 0.8184
Epoch [141/150], Train Loss: 0.8494,Train Dice Score: 0.8588, Val Loss: 1.1528,Val Dice Score: 0.8065
Epoch [142/150], Train Loss: 0.8443,Train Dice Score: 0.8581, Val Loss: 1.1271,Val Dice Score: 0.8140
Epoch [143/150], Train Loss: 0.8096,Train Dice Score: 0.8637, Val Loss: 1.0842,Val Dice Score: 0.8175
Epoch [144/150], Train Loss: 0.8053,Train Dice Score: 0.8656, Val Loss: 1.1226,Val Dice Score: 0.8127
Epoch [145/150], Train Loss: 0.8243,Train Dice Score: 0.8624, Val Loss: 1.0774,Val Dice Score: 0.8207
Epoch [146/150], Train Loss: 0.7958,Train Dice Score: 0.8664, Val Loss: 1.0502,Val Dice Score: 0.8252
Epoch [147/150], Train Loss: 0.7906,Train Dice Score: 0.8677, Val Loss: 1.0851,Val Dice Score: 0.8207
Epoch [148/150], Train Loss: 0.8049,Train Dice Score: 0.8651, Val Loss: 1.1021,Val Dice Score: 0.8178
Epoch [149/150], Train Loss: 0.8239,Train Dice Score: 0.8625, Val Loss: 1.0469,Val Dice Score: 0.8250
Epoch [150/150], Train Loss: 0.7791,Train Dice Score: 0.8683, Val Loss: 1.0517,Val Dice Score: 0.8248
