nohup: ignoring input
Training on 1 GPUs.
Epoch [1/60]:
Train Loss: 1.1332, Train Acc: 35.28%
Val Loss: 0.8923, Val Acc: 52.81%
Epoch [2/60]:
Train Loss: 0.7245, Train Acc: 66.39%
Val Loss: 0.6120, Val Acc: 71.91%
Epoch [3/60]:
Train Loss: 0.4141, Train Acc: 85.56%
Val Loss: 0.4443, Val Acc: 75.28%
Epoch [4/60]:
Train Loss: 0.1719, Train Acc: 94.72%
Val Loss: 0.3247, Val Acc: 80.90%
Epoch [5/60]:
Train Loss: 0.0609, Train Acc: 100.00%
Val Loss: 0.3993, Val Acc: 83.15%
Epoch [6/60]:
Train Loss: 0.1027, Train Acc: 96.94%
Val Loss: 0.5033, Val Acc: 85.39%
Epoch [7/60]:
Train Loss: 0.1252, Train Acc: 94.72%
Val Loss: 0.4223, Val Acc: 86.52%
Epoch [8/60]:
Train Loss: 0.0929, Train Acc: 97.22%
Val Loss: 0.5931, Val Acc: 83.15%
Epoch [9/60]:
Train Loss: 0.0732, Train Acc: 97.78%
Val Loss: 1.5200, Val Acc: 69.66%
Epoch [10/60]:
Train Loss: 0.0743, Train Acc: 97.22%
Val Loss: 1.4092, Val Acc: 71.91%
Epoch [11/60]:
Train Loss: 0.1774, Train Acc: 93.61%
Val Loss: 0.7483, Val Acc: 84.27%
Epoch [12/60]:
Train Loss: 0.2487, Train Acc: 92.22%
Val Loss: 0.5044, Val Acc: 79.78%
Epoch [13/60]:
Train Loss: 0.1285, Train Acc: 95.28%
Val Loss: 0.3056, Val Acc: 85.39%
Epoch [14/60]:
Train Loss: 0.0766, Train Acc: 96.94%
Val Loss: 1.0267, Val Acc: 74.16%
Epoch [15/60]:
Train Loss: 0.0112, Train Acc: 100.00%
Val Loss: 0.3541, Val Acc: 89.89%
Epoch [16/60]:
Train Loss: 0.0053, Train Acc: 100.00%
Val Loss: 0.3692, Val Acc: 89.89%
Epoch [17/60]:
Train Loss: 0.0025, Train Acc: 100.00%
Val Loss: 0.4019, Val Acc: 89.89%
Epoch [18/60]:
Train Loss: 0.0024, Train Acc: 100.00%
Val Loss: 0.4236, Val Acc: 89.89%
Epoch [19/60]:
Train Loss: 0.0015, Train Acc: 100.00%
Val Loss: 0.4344, Val Acc: 89.89%
Epoch [20/60]:
Train Loss: 0.0022, Train Acc: 100.00%
Val Loss: 0.4371, Val Acc: 89.89%
Epoch [21/60]:
Train Loss: 0.0012, Train Acc: 100.00%
Val Loss: 0.4393, Val Acc: 89.89%
Epoch [22/60]:
Train Loss: 0.0034, Train Acc: 100.00%
Val Loss: 0.4355, Val Acc: 91.01%
Epoch [23/60]:
Train Loss: 0.0027, Train Acc: 100.00%
Val Loss: 0.4387, Val Acc: 91.01%
Epoch [24/60]:
Train Loss: 0.0006, Train Acc: 100.00%
Val Loss: 0.4412, Val Acc: 91.01%
Epoch [25/60]:
Train Loss: 0.0012, Train Acc: 100.00%
Val Loss: 0.4458, Val Acc: 91.01%
Epoch [26/60]:
Train Loss: 0.0011, Train Acc: 100.00%
Val Loss: 0.4479, Val Acc: 91.01%
Epoch [27/60]:
Train Loss: 0.0010, Train Acc: 100.00%
Val Loss: 0.4481, Val Acc: 91.01%
Epoch [28/60]:
Train Loss: 0.0020, Train Acc: 100.00%
Val Loss: 0.4439, Val Acc: 91.01%
Epoch [29/60]:
Train Loss: 0.0015, Train Acc: 100.00%
Val Loss: 0.4433, Val Acc: 91.01%
Epoch [30/60]:
Train Loss: 0.0015, Train Acc: 100.00%
Val Loss: 0.4433, Val Acc: 91.01%
Epoch [31/60]:
Train Loss: 0.0008, Train Acc: 100.00%
Val Loss: 0.4493, Val Acc: 91.01%
Epoch [32/60]:
Train Loss: 0.0015, Train Acc: 100.00%
Val Loss: 0.4578, Val Acc: 91.01%
Epoch [33/60]:
Train Loss: 0.0005, Train Acc: 100.00%
Val Loss: 0.4691, Val Acc: 91.01%
Epoch [34/60]:
Train Loss: 0.0003, Train Acc: 100.00%
Val Loss: 0.4668, Val Acc: 91.01%
Epoch [35/60]:
Train Loss: 0.0003, Train Acc: 100.00%
Val Loss: 0.4747, Val Acc: 91.01%
Epoch [36/60]:
Train Loss: 0.0011, Train Acc: 100.00%
Val Loss: 0.5472, Val Acc: 89.89%
Epoch [37/60]:
Train Loss: 0.0007, Train Acc: 100.00%
Val Loss: 0.5843, Val Acc: 89.89%
Epoch [38/60]:
Train Loss: 0.0005, Train Acc: 100.00%
Val Loss: 0.5737, Val Acc: 89.89%
Epoch [39/60]:
Train Loss: 0.0002, Train Acc: 100.00%
Val Loss: 0.5449, Val Acc: 91.01%
Epoch [40/60]:
Train Loss: 0.0023, Train Acc: 100.00%
Val Loss: 0.3789, Val Acc: 91.01%
Epoch [41/60]:
Train Loss: 0.0006, Train Acc: 100.00%
Val Loss: 0.4112, Val Acc: 89.89%
Epoch [42/60]:
Train Loss: 0.0008, Train Acc: 100.00%
Val Loss: 0.4574, Val Acc: 89.89%
Early stopping...
